[20:39:58.722][INFO][CraftTweaker-EarlyInit]: CraftTweaker is running on a Minecraft 1.20.1 production server modded with platform Forge
[20:39:58.739][INFO][CraftTweaker-EarlyInit]: Successfully injected RecipeFS file system
[20:39:58.786][INFO][CraftTweaker-Plugins]: Successfully identified and loaded plugin farmersdelight:crafttweaker_plugin
[20:39:58.796][INFO][CraftTweaker-Plugins]: Successfully identified and loaded plugin crafttweaker:builtin
[20:39:58.800][INFO][CraftTweaker-Plugins]: Successfully identified and loaded plugin crafttweaker:builtin_forge
[20:39:59.558][INFO][CraftTweaker]: The following mods have explicit CraftTweaker support through the default plugin:
[20:39:59.561][INFO][CraftTweaker]: - 'crafttweaker' at version '14.0.43'
[20:39:59.563][INFO][CraftTweaker]: - 'exnihilosequentia' at version '5.0.0'
[20:39:59.564][INFO][CraftTweaker]: - 'extendedcrafting' at version '6.0.7'
[20:39:59.564][INFO][CraftTweaker]: - 'farmersdelight' at version '1.20.1-1.2.4'
[20:39:59.564][INFO][CraftTweaker]: - 'gamestages' at version '15.0.1'
[20:39:59.565][INFO][CraftTweaker]: - 'mysticalagriculture' at version '7.0.13'
[20:39:59.565][INFO][CraftTweaker]: - 'redimstages' at version '1.0.0'
[20:40:21.668][INFO][CraftTweaker-ZenCode]: Started loading scripts for loader 'initialize'
[20:40:22.355][INFO][CraftTweaker-ZenCode]: Compiling and executing scripts
[20:40:22.437][INFO][CraftTweaker-ZenCode]: Successfully initialized modules [crafttweaker, expansions]
[20:40:22.652][INFO][CraftTweaker-ZenCode]: Execution for loader 'initialize' completed successfully
[20:40:44.919][INFO][CraftTweaker-ZenCode]: Started loading scripts for loader 'tags'
[20:40:45.020][INFO][CraftTweaker-ZenCode]: Compiling and executing scripts
[20:40:45.078][INFO][CraftTweaker-ZenCode]: Successfully initialized modules [crafttweaker, expansions]
[20:40:45.103][INFO][CraftTweaker-ZenCode]: Execution for loader 'tags' completed successfully
[20:41:49.820][INFO][CraftTweaker]: crafttweaker.reload.start
[20:41:49.860][INFO][CraftTweaker-ZenCode]: Started loading scripts for loader 'crafttweaker'
[20:41:49.915][INFO][CraftTweaker-ZenCode]: Compiling and executing scripts
[20:41:50.839][INFO][CraftTweaker-ZenCode]: Successfully initialized modules [mods, crafttweaker, expansions]
[20:41:50.847][INFO][CraftTweaker-ZenCode]: Loading file 'script.zs' with priority 0
[20:41:50.871][INFO][Re-DimensionStages]: [Re-Dimension Stages] Staging dimension 'sgjourney:abydos' to stage(s) '[one]'. script.zs:4:0
[20:41:50.872][INFO][Re-DimensionStages]: [Re-Dimension Stages] Staging dimension 'minecraft:the_nether' to stage(s) '[two]'. script.zs:6:0
[20:41:50.872][INFO][Re-DimensionStages]: [Re-Dimension Stages] Staging dimension 'minecraft:the_end' to stage(s) '[two]'. script.zs:7:0
[20:41:50.872][INFO][Re-DimensionStages]: [Re-Dimension Stages] Staging dimension 'sgjourney:lantea' to stage(s) '[two]'. script.zs:8:0
[20:41:50.872][INFO][Re-DimensionStages]: [Re-Dimension Stages] Staging dimension 'sgjourney:chulak' to stage(s) '[three]'. script.zs:10:0
[20:41:50.872][INFO][CraftTweaker-ZenCode]: Execution for loader 'crafttweaker' completed successfully
[20:41:50.873][INFO][CraftTweaker]: crafttweaker.reload.complete
[20:41:50.874][INFO][CraftTweaker]: This reload was made possible by Belathus and more! Become a patron at https://patreon.com/jaredlll08?s=crtmod
